==12478== Memcheck, a memory error detector
==12478== Copyright (C) 2002-2017, and GNU GPL'd, by Julian Seward et al.
==12478== Using Valgrind-3.15.0 and LibVEX; rerun with -h for copyright info
==12478== Command: ./minishell
==12478== Parent PID: 12477
==12478== 
==12478== 
==12478== FILE DESCRIPTORS: 3 open at exit.
==12478== Open file descriptor 103: /snap/code/179/usr/share/code/v8_context_snapshot.bin
==12478==    <inherited from parent>
==12478== 
==12478== Open file descriptor 43: /home/sheila/.config/Code/logs/20250112T125353/ptyhost.log
==12478==    <inherited from parent>
==12478== 
==12478== Open file descriptor 3: /home/sheila/Desktop/msheila/output.log
==12478==    <inherited from parent>
==12478== 
==12478== 
==12478== HEAP SUMMARY:
==12478==     in use at exit: 204,687 bytes in 222 blocks
==12478==   total heap usage: 1,466 allocs, 1,244 frees, 263,140 bytes allocated
==12478== 
==12478== LEAK SUMMARY:
==12478==    definitely lost: 0 bytes in 0 blocks
==12478==    indirectly lost: 0 bytes in 0 blocks
==12478==      possibly lost: 0 bytes in 0 blocks
==12478==    still reachable: 0 bytes in 0 blocks
==12478==         suppressed: 204,687 bytes in 222 blocks
==12478== 
==12478== ERROR SUMMARY: 0 errors from 0 contexts (suppressed: 0 from 0)
--12478-- 
--12478-- used_suppression:     58 readline_memory_leak_suppression readline.supp:2 suppressed: 200,578 bytes in 215 blocks
--12478-- used_suppression:      4 readline_memory_leak_suppression readline.supp:8 suppressed: 4,109 bytes in 7 blocks
==12478== 
==12478== ERROR SUMMARY: 0 errors from 0 contexts (suppressed: 0 from 0)
